<?xml version="1.0" encoding="UTF-8"?>
<coverage generated="1696390149276" clover="3.2.0">
  <project timestamp="1696390149277" name="All files">
    <metrics statements="106" coveredstatements="102" conditionals="26" coveredconditionals="21" methods="44" coveredmethods="40" elements="176" coveredelements="163" complexity="0" loc="106" ncloc="106" packages="2" files="18" classes="18"/>
    <package name="components">
      <metrics statements="65" coveredstatements="64" conditionals="26" coveredconditionals="21" methods="31" coveredmethods="30"/>
      <file name="Body.js" path="D:\React\NamasteReact\src\components\Body.js">
        <metrics statements="15" coveredstatements="14" conditionals="8" coveredconditionals="7" methods="8" coveredmethods="7"/>
        <line num="11" count="1" type="stmt"/>
        <line num="13" count="9" type="stmt"/>
        <line num="15" count="9" type="stmt"/>
        <line num="16" count="9" type="stmt"/>
        <line num="18" count="9" type="stmt"/>
        <line num="20" count="9" type="stmt"/>
        <line num="22" count="9" type="cond" truecount="1" falsecount="1"/>
        <line num="27" count="9" type="cond" truecount="4" falsecount="0"/>
        <line num="33" count="1" type="stmt"/>
        <line num="37" count="20" type="stmt"/>
        <line num="38" count="1" type="stmt"/>
        <line num="48" count="20" type="stmt"/>
        <line num="52" count="1" type="stmt"/>
        <line num="62" count="0" type="stmt"/>
        <line num="70" count="99" type="stmt"/>
      </file>
      <file name="Cart.js" path="D:\React\NamasteReact\src\components\Cart.js">
        <metrics statements="6" coveredstatements="6" conditionals="4" coveredconditionals="4" methods="3" coveredmethods="3"/>
        <line num="6" count="1" type="stmt"/>
        <line num="8" count="8" type="stmt"/>
        <line num="10" count="4" type="stmt"/>
        <line num="11" count="4" type="stmt"/>
        <line num="12" count="1" type="stmt"/>
        <line num="16" count="4" type="stmt"/>
      </file>
      <file name="ContactUs.js" path="D:\React\NamasteReact\src\components\ContactUs.js">
        <metrics statements="2" coveredstatements="2" conditionals="0" coveredconditionals="0" methods="1" coveredmethods="1"/>
        <line num="3" count="1" type="stmt"/>
        <line num="4" count="4" type="stmt"/>
      </file>
      <file name="Header.js" path="D:\React\NamasteReact\src\components\Header.js">
        <metrics statements="7" coveredstatements="7" conditionals="4" coveredconditionals="2" methods="3" coveredmethods="3"/>
        <line num="9" count="2" type="stmt"/>
        <line num="12" count="9" type="stmt"/>
        <line num="13" count="9" type="stmt"/>
        <line num="15" count="9" type="stmt"/>
        <line num="19" count="17" type="stmt"/>
        <line num="21" count="9" type="stmt"/>
        <line num="39" count="1" type="cond" truecount="1" falsecount="1"/>
      </file>
      <file name="ItemList.js" path="D:\React\NamasteReact\src\components\ItemList.js">
        <metrics statements="7" coveredstatements="7" conditionals="2" coveredconditionals="1" methods="4" coveredmethods="4"/>
        <line num="5" count="1" type="stmt"/>
        <line num="8" count="6" type="stmt"/>
        <line num="11" count="6" type="stmt"/>
        <line num="12" count="2" type="stmt"/>
        <line num="15" count="6" type="stmt"/>
        <line num="18" count="39" type="stmt"/>
        <line num="30" count="2" type="stmt"/>
      </file>
      <file name="RestaurantCard.js" path="D:\React\NamasteReact\src\components\RestaurantCard.js">
        <metrics statements="7" coveredstatements="7" conditionals="2" coveredconditionals="1" methods="3" coveredmethods="3"/>
        <line num="4" count="2" type="stmt"/>
        <line num="6" count="100" type="stmt"/>
        <line num="18" count="100" type="stmt"/>
        <line num="23" count="100" type="stmt"/>
        <line num="61" count="2" type="stmt"/>
        <line num="63" count="9" type="stmt"/>
        <line num="64" count="75" type="stmt"/>
      </file>
      <file name="RestaurantCategory.js" path="D:\React\NamasteReact\src\components\RestaurantCategory.js">
        <metrics statements="5" coveredstatements="5" conditionals="2" coveredconditionals="2" methods="2" coveredmethods="2"/>
        <line num="5" count="1" type="stmt"/>
        <line num="9" count="26" type="stmt"/>
        <line num="10" count="1" type="stmt"/>
        <line num="11" count="1" type="stmt"/>
        <line num="14" count="26" type="stmt"/>
      </file>
      <file name="RestaurantMenu.js" path="D:\React\NamasteReact\src\components\RestaurantMenu.js">
        <metrics statements="12" coveredstatements="12" conditionals="4" coveredconditionals="4" methods="5" coveredmethods="5"/>
        <line num="7" count="1" type="stmt"/>
        <line num="9" count="3" type="stmt"/>
        <line num="11" count="3" type="stmt"/>
        <line num="14" count="3" type="stmt"/>
        <line num="16" count="3" type="stmt"/>
        <line num="18" count="3" type="cond" truecount="2" falsecount="0"/>
        <line num="20" count="2" type="stmt"/>
        <line num="22" count="36" type="stmt"/>
        <line num="29" count="2" type="stmt"/>
        <line num="38" count="26" type="stmt"/>
        <line num="41" count="1" type="stmt"/>
        <line num="42" count="1" type="stmt"/>
      </file>
      <file name="Shimmer.js" path="D:\React\NamasteReact\src\components\Shimmer.js">
        <metrics statements="2" coveredstatements="2" conditionals="0" coveredconditionals="0" methods="1" coveredmethods="1"/>
        <line num="1" count="2" type="stmt"/>
        <line num="2" count="4" type="stmt"/>
      </file>
      <file name="sum.js" path="D:\React\NamasteReact\src\components\sum.js">
        <metrics statements="2" coveredstatements="2" conditionals="0" coveredconditionals="0" methods="1" coveredmethods="1"/>
        <line num="3" count="1" type="stmt"/>
        <line num="4" count="1" type="stmt"/>
      </file>
    </package>
    <package name="utils">
      <metrics statements="41" coveredstatements="38" conditionals="0" coveredconditionals="0" methods="13" coveredmethods="10"/>
      <file name="UserContext.js" path="D:\React\NamasteReact\src\utils\UserContext.js">
        <metrics statements="1" coveredstatements="1" conditionals="0" coveredconditionals="0" methods="0" coveredmethods="0"/>
        <line num="4" count="3" type="stmt"/>
      </file>
      <file name="appStore.js" path="D:\React\NamasteReact\src\utils\appStore.js">
        <metrics statements="1" coveredstatements="1" conditionals="0" coveredconditionals="0" methods="0" coveredmethods="0"/>
        <line num="5" count="2" type="stmt"/>
      </file>
      <file name="cartSlice.js" path="D:\React\NamasteReact\src\utils\cartSlice.js">
        <metrics statements="5" coveredstatements="4" conditionals="0" coveredconditionals="0" methods="3" coveredmethods="2"/>
        <line num="3" count="2" type="stmt"/>
        <line num="11" count="2" type="stmt"/>
        <line num="14" count="0" type="stmt"/>
        <line num="17" count="1" type="stmt"/>
        <line num="28" count="2" type="stmt"/>
      </file>
      <file name="constants.js" path="D:\React\NamasteReact\src\utils\constants.js">
        <metrics statements="5" coveredstatements="5" conditionals="0" coveredconditionals="0" methods="0" coveredmethods="0"/>
        <line num="2" count="4" type="stmt"/>
        <line num="5" count="4" type="stmt"/>
        <line num="8" count="4" type="stmt"/>
        <line num="11" count="4" type="stmt"/>
        <line num="15" count="4" type="stmt"/>
      </file>
      <file name="mockData2.js" path="D:\React\NamasteReact\src\utils\mockData2.js">
        <metrics statements="1" coveredstatements="1" conditionals="0" coveredconditionals="0" methods="0" coveredmethods="0"/>
        <line num="1" count="1" type="stmt"/>
      </file>
      <file name="useOnlineStatus.js" path="D:\React\NamasteReact\src\utils\useOnlineStatus.js">
        <metrics statements="8" coveredstatements="6" conditionals="0" coveredconditionals="0" methods="4" coveredmethods="2"/>
        <line num="4" count="3" type="stmt"/>
        <line num="6" count="18" type="stmt"/>
        <line num="9" count="18" type="stmt"/>
        <line num="10" count="8" type="stmt"/>
        <line num="11" count="0" type="stmt"/>
        <line num="15" count="8" type="stmt"/>
        <line num="16" count="0" type="stmt"/>
        <line num="20" count="18" type="stmt"/>
      </file>
      <file name="useRestaurantMenu.js" path="D:\React\NamasteReact\src\utils\useRestaurantMenu.js">
        <metrics statements="9" coveredstatements="9" conditionals="0" coveredconditionals="0" methods="3" coveredmethods="3"/>
        <line num="4" count="1" type="stmt"/>
        <line num="6" count="3" type="stmt"/>
        <line num="8" count="3" type="stmt"/>
        <line num="9" count="1" type="stmt"/>
        <line num="13" count="3" type="stmt"/>
        <line num="14" count="1" type="stmt"/>
        <line num="15" count="1" type="stmt"/>
        <line num="16" count="1" type="stmt"/>
        <line num="19" count="3" type="stmt"/>
      </file>
      <file name="useRestaurantsList.js" path="D:\React\NamasteReact\src\utils\useRestaurantsList.js">
        <metrics statements="11" coveredstatements="11" conditionals="0" coveredconditionals="0" methods="3" coveredmethods="3"/>
        <line num="4" count="1" type="stmt"/>
        <line num="6" count="9" type="stmt"/>
        <line num="7" count="9" type="stmt"/>
        <line num="9" count="9" type="stmt"/>
        <line num="10" count="3" type="stmt"/>
        <line num="13" count="9" type="stmt"/>
        <line num="14" count="3" type="stmt"/>
        <line num="17" count="3" type="stmt"/>
        <line num="19" count="3" type="stmt"/>
        <line num="20" count="3" type="stmt"/>
        <line num="32" count="9" type="stmt"/>
      </file>
    </package>
  </project>
</coverage>
