{"D:\\React\\NamasteReact\\src\\components\\Body.js": {"path":"D:\\React\\NamasteReact\\src\\components\\Body.js","statementMap":{"0":{"start":{"line":11,"column":13},"end":{"line":82,"column":1}},"1":{"start":{"line":13,"column":44},"end":{"line":13,"column":56}},"2":{"start":{"line":15,"column":81},"end":{"line":15,"column":100}},"3":{"start":{"line":18,"column":29},"end":{"line":18,"column":46}},"4":{"start":{"line":20,"column":39},"end":{"line":20,"column":72}},"5":{"start":{"line":22,"column":45},"end":{"line":22,"column":68}},"6":{"start":{"line":24,"column":8},"end":{"line":27,"column":23}},"7":{"start":{"line":24,"column":26},"end":{"line":27,"column":23}},"8":{"start":{"line":29,"column":8},"end":{"line":81,"column":5}},"9":{"start":{"line":35,"column":40},"end":{"line":35,"column":70}},"10":{"start":{"line":39,"column":71},"end":{"line":39,"column":165}},"11":{"start":{"line":39,"column":102},"end":{"line":39,"column":164}},"12":{"start":{"line":40,"column":40},"end":{"line":40,"column":86}},"13":{"start":{"line":50,"column":69},"end":{"line":50,"column":125}},"14":{"start":{"line":50,"column":98},"end":{"line":50,"column":123}},"15":{"start":{"line":53,"column":48},"end":{"line":53,"column":80}},"16":{"start":{"line":63,"column":49},"end":{"line":63,"column":76}},"17":{"start":{"line":71,"column":33},"end":{"line":75,"column":39}}},"fnMap":{"0":{"name":"(anonymous_0)","decl":{"start":{"line":11,"column":13},"end":{"line":11,"column":14}},"loc":{"start":{"line":11,"column":19},"end":{"line":82,"column":1}},"line":11},"1":{"name":"(anonymous_1)","decl":{"start":{"line":34,"column":42},"end":{"line":34,"column":43}},"loc":{"start":{"line":34,"column":49},"end":{"line":36,"column":33}},"line":34},"2":{"name":"(anonymous_2)","decl":{"start":{"line":38,"column":42},"end":{"line":38,"column":43}},"loc":{"start":{"line":38,"column":48},"end":{"line":41,"column":33}},"line":38},"3":{"name":"(anonymous_3)","decl":{"start":{"line":39,"column":93},"end":{"line":39,"column":94}},"loc":{"start":{"line":39,"column":102},"end":{"line":39,"column":164}},"line":39},"4":{"name":"(anonymous_4)","decl":{"start":{"line":47,"column":40},"end":{"line":47,"column":41}},"loc":{"start":{"line":47,"column":46},"end":{"line":54,"column":41}},"line":47},"5":{"name":"(anonymous_5)","decl":{"start":{"line":50,"column":91},"end":{"line":50,"column":92}},"loc":{"start":{"line":50,"column":98},"end":{"line":50,"column":123}},"line":50},"6":{"name":"(anonymous_6)","decl":{"start":{"line":63,"column":42},"end":{"line":63,"column":43}},"loc":{"start":{"line":63,"column":49},"end":{"line":63,"column":76}},"line":63},"7":{"name":"(anonymous_7)","decl":{"start":{"line":70,"column":52},"end":{"line":70,"column":53}},"loc":{"start":{"line":71,"column":33},"end":{"line":75,"column":39}},"line":71}},"branchMap":{"0":{"loc":{"start":{"line":24,"column":8},"end":{"line":27,"column":23}},"type":"if","locations":[{"start":{"line":24,"column":8},"end":{"line":27,"column":23}},{"start":{},"end":{}}],"line":24},"1":{"loc":{"start":{"line":29,"column":15},"end":{"line":81,"column":5}},"type":"cond-expr","locations":[{"start":{"line":29,"column":63},"end":{"line":29,"column":74}},{"start":{"line":30,"column":12},"end":{"line":80,"column":18}}],"line":29},"2":{"loc":{"start":{"line":29,"column":15},"end":{"line":29,"column":60}},"type":"binary-expr","locations":[{"start":{"line":29,"column":15},"end":{"line":29,"column":29}},{"start":{"line":29,"column":33},"end":{"line":29,"column":60}}],"line":29},"3":{"loc":{"start":{"line":73,"column":48},"end":{"line":73,"column":183}},"type":"cond-expr","locations":[{"start":{"line":73,"column":84},"end":{"line":73,"column":136}},{"start":{"line":73,"column":139},"end":{"line":73,"column":183}}],"line":73}},"s":{"0":1,"1":6,"2":6,"3":6,"4":6,"5":6,"6":6,"7":0,"8":6,"9":1,"10":1,"11":20,"12":1,"13":0,"14":0,"15":0,"16":0,"17":65},"f":{"0":6,"1":1,"2":1,"3":20,"4":0,"5":0,"6":0,"7":65},"b":{"0":[0,6],"1":[2,4],"2":[6,6],"3":[47,18]},"_coverageSchema":"1a1c01bbd47fc00a2c39e90264f33305004495a9","hash":"3f396cfe2b026d74eb8cc4882139155ff6c28108"}
,"D:\\React\\NamasteReact\\src\\components\\ContactUs.js": {"path":"D:\\React\\NamasteReact\\src\\components\\ContactUs.js","statementMap":{"0":{"start":{"line":3,"column":18},"end":{"line":17,"column":1}},"1":{"start":{"line":4,"column":2},"end":{"line":16,"column":3}}},"fnMap":{"0":{"name":"(anonymous_0)","decl":{"start":{"line":3,"column":18},"end":{"line":3,"column":19}},"loc":{"start":{"line":3,"column":24},"end":{"line":17,"column":1}},"line":3}},"branchMap":{},"s":{"0":1,"1":4},"f":{"0":4},"b":{},"_coverageSchema":"1a1c01bbd47fc00a2c39e90264f33305004495a9","hash":"3c030b83cb541d9d67eb241ba1c6ed5fd044fe84"}
,"D:\\React\\NamasteReact\\src\\components\\Header.js": {"path":"D:\\React\\NamasteReact\\src\\components\\Header.js","statementMap":{"0":{"start":{"line":9,"column":15},"end":{"line":46,"column":5}},"1":{"start":{"line":12,"column":33},"end":{"line":12,"column":50}},"2":{"start":{"line":13,"column":24},"end":{"line":13,"column":41}},"3":{"start":{"line":15,"column":26},"end":{"line":15,"column":49}},"4":{"start":{"line":19,"column":21},"end":{"line":19,"column":61}},"5":{"start":{"line":19,"column":44},"end":{"line":19,"column":60}},"6":{"start":{"line":21,"column":4},"end":{"line":45,"column":13}},"7":{"start":{"line":39,"column":40},"end":{"line":39,"column":104}}},"fnMap":{"0":{"name":"(anonymous_0)","decl":{"start":{"line":9,"column":15},"end":{"line":9,"column":16}},"loc":{"start":{"line":9,"column":20},"end":{"line":46,"column":5}},"line":9},"1":{"name":"(anonymous_1)","decl":{"start":{"line":19,"column":33},"end":{"line":19,"column":34}},"loc":{"start":{"line":19,"column":44},"end":{"line":19,"column":60}},"line":19},"2":{"name":"(anonymous_2)","decl":{"start":{"line":37,"column":45},"end":{"line":37,"column":46}},"loc":{"start":{"line":37,"column":51},"end":{"line":40,"column":41}},"line":37}},"branchMap":{"0":{"loc":{"start":{"line":28,"column":73},"end":{"line":28,"column":98}},"type":"cond-expr","locations":[{"start":{"line":28,"column":88},"end":{"line":28,"column":91}},{"start":{"line":28,"column":94},"end":{"line":28,"column":98}}],"line":28},"1":{"loc":{"start":{"line":39,"column":40},"end":{"line":39,"column":104}},"type":"cond-expr","locations":[{"start":{"line":39,"column":62},"end":{"line":39,"column":82}},{"start":{"line":39,"column":85},"end":{"line":39,"column":104}}],"line":39}},"s":{"0":1,"1":5,"2":5,"3":5,"4":5,"5":9,"6":5,"7":1},"f":{"0":5,"1":9,"2":1},"b":{"0":[5,0],"1":[1,0]},"_coverageSchema":"1a1c01bbd47fc00a2c39e90264f33305004495a9","hash":"80b27403eab31c83cb9b7ff890ffbc13c5300eb1"}
,"D:\\React\\NamasteReact\\src\\components\\RestaurantCard.js": {"path":"D:\\React\\NamasteReact\\src\\components\\RestaurantCard.js","statementMap":{"0":{"start":{"line":4,"column":23},"end":{"line":55,"column":1}},"1":{"start":{"line":6,"column":22},"end":{"line":6,"column":27}},"2":{"start":{"line":18,"column":10},"end":{"line":18,"column":17}},"3":{"start":{"line":23,"column":0},"end":{"line":54,"column":8}},"4":{"start":{"line":61,"column":33},"end":{"line":72,"column":1}},"5":{"start":{"line":63,"column":2},"end":{"line":70,"column":3}},"6":{"start":{"line":64,"column":4},"end":{"line":69,"column":6}}},"fnMap":{"0":{"name":"(anonymous_0)","decl":{"start":{"line":4,"column":23},"end":{"line":4,"column":24}},"loc":{"start":{"line":4,"column":34},"end":{"line":55,"column":1}},"line":4},"1":{"name":"(anonymous_1)","decl":{"start":{"line":61,"column":33},"end":{"line":61,"column":34}},"loc":{"start":{"line":61,"column":53},"end":{"line":72,"column":1}},"line":61},"2":{"name":"(anonymous_2)","decl":{"start":{"line":63,"column":9},"end":{"line":63,"column":10}},"loc":{"start":{"line":63,"column":20},"end":{"line":70,"column":3}},"line":63}},"branchMap":{"0":{"loc":{"start":{"line":40,"column":19},"end":{"line":40,"column":57}},"type":"cond-expr","locations":[{"start":{"line":40,"column":40},"end":{"line":40,"column":45}},{"start":{"line":40,"column":48},"end":{"line":40,"column":57}}],"line":40}},"s":{"0":2,"1":66,"2":66,"3":66,"4":2,"5":6,"6":47},"f":{"0":66,"1":6,"2":47},"b":{"0":[0,66]},"_coverageSchema":"1a1c01bbd47fc00a2c39e90264f33305004495a9","hash":"6c9b74bc11e10e08f26365f86355afcce9ad8715"}
,"D:\\React\\NamasteReact\\src\\components\\Shimmer.js": {"path":"D:\\React\\NamasteReact\\src\\components\\Shimmer.js","statementMap":{"0":{"start":{"line":1,"column":16},"end":{"line":17,"column":1}},"1":{"start":{"line":2,"column":5},"end":{"line":16,"column":11}}},"fnMap":{"0":{"name":"(anonymous_0)","decl":{"start":{"line":1,"column":16},"end":{"line":1,"column":17}},"loc":{"start":{"line":1,"column":22},"end":{"line":17,"column":1}},"line":1}},"branchMap":{},"s":{"0":1,"1":2},"f":{"0":2},"b":{},"_coverageSchema":"1a1c01bbd47fc00a2c39e90264f33305004495a9","hash":"e4d74cfbab48907cbc38207016196230f065a32d"}
,"D:\\React\\NamasteReact\\src\\components\\sum.js": {"path":"D:\\React\\NamasteReact\\src\\components\\sum.js","statementMap":{"0":{"start":{"line":3,"column":12},"end":{"line":5,"column":1}},"1":{"start":{"line":4,"column":4},"end":{"line":4,"column":18}}},"fnMap":{"0":{"name":"(anonymous_0)","decl":{"start":{"line":3,"column":12},"end":{"line":3,"column":13}},"loc":{"start":{"line":3,"column":22},"end":{"line":5,"column":1}},"line":3}},"branchMap":{},"s":{"0":1,"1":1},"f":{"0":1},"b":{},"_coverageSchema":"1a1c01bbd47fc00a2c39e90264f33305004495a9","hash":"37ff764e3e3586e4b113a4fac77673df6a3350f5"}
,"D:\\React\\NamasteReact\\src\\utils\\UserContext.js": {"path":"D:\\React\\NamasteReact\\src\\utils\\UserContext.js","statementMap":{"0":{"start":{"line":4,"column":20},"end":{"line":6,"column":2}}},"fnMap":{},"branchMap":{},"s":{"0":2},"f":{},"b":{},"_coverageSchema":"1a1c01bbd47fc00a2c39e90264f33305004495a9","hash":"3275eddf8a2925964917c09b41d5903debf48147"}
,"D:\\React\\NamasteReact\\src\\utils\\appStore.js": {"path":"D:\\React\\NamasteReact\\src\\utils\\appStore.js","statementMap":{"0":{"start":{"line":5,"column":17},"end":{"line":14,"column":1}}},"fnMap":{},"branchMap":{},"s":{"0":1},"f":{},"b":{},"_coverageSchema":"1a1c01bbd47fc00a2c39e90264f33305004495a9","hash":"1afde20a414e606b2316d545f6d04d01bbeb9fc2"}
,"D:\\React\\NamasteReact\\src\\utils\\cartSlice.js": {"path":"D:\\React\\NamasteReact\\src\\utils\\cartSlice.js","statementMap":{"0":{"start":{"line":3,"column":18},"end":{"line":26,"column":6}},"1":{"start":{"line":11,"column":16},"end":{"line":11,"column":48}},"2":{"start":{"line":14,"column":16},"end":{"line":14,"column":34}},"3":{"start":{"line":17,"column":16},"end":{"line":17,"column":39}},"4":{"start":{"line":18,"column":16},"end":{"line":18,"column":44}},"5":{"start":{"line":28,"column":52},"end":{"line":28,"column":69}}},"fnMap":{"0":{"name":"(anonymous_0)","decl":{"start":{"line":10,"column":22},"end":{"line":10,"column":23}},"loc":{"start":{"line":10,"column":41},"end":{"line":12,"column":13}},"line":10},"1":{"name":"(anonymous_1)","decl":{"start":{"line":13,"column":25},"end":{"line":13,"column":26}},"loc":{"start":{"line":13,"column":31},"end":{"line":15,"column":13}},"line":13},"2":{"name":"(anonymous_2)","decl":{"start":{"line":16,"column":24},"end":{"line":16,"column":25}},"loc":{"start":{"line":16,"column":43},"end":{"line":24,"column":13}},"line":16}},"branchMap":{},"s":{"0":1,"1":0,"2":0,"3":0,"4":0,"5":1},"f":{"0":0,"1":0,"2":0},"b":{},"_coverageSchema":"1a1c01bbd47fc00a2c39e90264f33305004495a9","hash":"5b3f2785efa0655b91214657d48e2c4b65d20c75"}
,"D:\\React\\NamasteReact\\src\\utils\\constants.js": {"path":"D:\\React\\NamasteReact\\src\\utils\\constants.js","statementMap":{"0":{"start":{"line":2,"column":28},"end":{"line":2,"column":109}},"1":{"start":{"line":5,"column":2},"end":{"line":5,"column":93}},"2":{"start":{"line":8,"column":2},"end":{"line":8,"column":118}},"3":{"start":{"line":11,"column":2},"end":{"line":11,"column":125}},"4":{"start":{"line":15,"column":2},"end":{"line":15,"column":132}}},"fnMap":{},"branchMap":{},"s":{"0":3,"1":3,"2":3,"3":3,"4":3},"f":{},"b":{},"_coverageSchema":"1a1c01bbd47fc00a2c39e90264f33305004495a9","hash":"85dcccab0a32d51188651da52b5698ab6708ae47"}
,"D:\\React\\NamasteReact\\src\\utils\\mockData2.js": {"path":"D:\\React\\NamasteReact\\src\\utils\\mockData2.js","statementMap":{"0":{"start":{"line":1,"column":16},"end":{"line":1875,"column":3}}},"fnMap":{},"branchMap":{},"s":{"0":1},"f":{},"b":{},"_coverageSchema":"1a1c01bbd47fc00a2c39e90264f33305004495a9","hash":"1a81e0de2cf779444b71337c22c7911badc5cdf4"}
,"D:\\React\\NamasteReact\\src\\utils\\useOnlineStatus.js": {"path":"D:\\React\\NamasteReact\\src\\utils\\useOnlineStatus.js","statementMap":{"0":{"start":{"line":4,"column":24},"end":{"line":21,"column":1}},"1":{"start":{"line":6,"column":44},"end":{"line":6,"column":58}},"2":{"start":{"line":9,"column":4},"end":{"line":18,"column":11}},"3":{"start":{"line":10,"column":8},"end":{"line":12,"column":11}},"4":{"start":{"line":11,"column":12},"end":{"line":11,"column":35}},"5":{"start":{"line":15,"column":8},"end":{"line":17,"column":11}},"6":{"start":{"line":16,"column":12},"end":{"line":16,"column":34}},"7":{"start":{"line":20,"column":4},"end":{"line":20,"column":24}}},"fnMap":{"0":{"name":"(anonymous_0)","decl":{"start":{"line":4,"column":24},"end":{"line":4,"column":25}},"loc":{"start":{"line":4,"column":30},"end":{"line":21,"column":1}},"line":4},"1":{"name":"(anonymous_1)","decl":{"start":{"line":9,"column":14},"end":{"line":9,"column":15}},"loc":{"start":{"line":9,"column":20},"end":{"line":18,"column":5}},"line":9},"2":{"name":"(anonymous_2)","decl":{"start":{"line":10,"column":43},"end":{"line":10,"column":44}},"loc":{"start":{"line":10,"column":49},"end":{"line":12,"column":9}},"line":10},"3":{"name":"(anonymous_3)","decl":{"start":{"line":15,"column":42},"end":{"line":15,"column":43}},"loc":{"start":{"line":15,"column":48},"end":{"line":17,"column":9}},"line":15}},"branchMap":{},"s":{"0":2,"1":11,"2":11,"3":6,"4":0,"5":6,"6":0,"7":11},"f":{"0":11,"1":6,"2":0,"3":0},"b":{},"_coverageSchema":"1a1c01bbd47fc00a2c39e90264f33305004495a9","hash":"9375700dc72514bfcd97800d101b3d455bfff623"}
,"D:\\React\\NamasteReact\\src\\utils\\useRestaurantsList.js": {"path":"D:\\React\\NamasteReact\\src\\utils\\useRestaurantsList.js","statementMap":{"0":{"start":{"line":4,"column":26},"end":{"line":33,"column":1}},"1":{"start":{"line":6,"column":48},"end":{"line":6,"column":60}},"2":{"start":{"line":7,"column":60},"end":{"line":7,"column":72}},"3":{"start":{"line":9,"column":4},"end":{"line":11,"column":11}},"4":{"start":{"line":10,"column":8},"end":{"line":10,"column":20}},"5":{"start":{"line":13,"column":22},"end":{"line":22,"column":5}},"6":{"start":{"line":14,"column":21},"end":{"line":16,"column":27}},"7":{"start":{"line":17,"column":21},"end":{"line":17,"column":38}},"8":{"start":{"line":19,"column":8},"end":{"line":19,"column":102}},"9":{"start":{"line":20,"column":8},"end":{"line":20,"column":106}},"10":{"start":{"line":32,"column":4},"end":{"line":32,"column":75}}},"fnMap":{"0":{"name":"(anonymous_0)","decl":{"start":{"line":4,"column":26},"end":{"line":4,"column":27}},"loc":{"start":{"line":4,"column":32},"end":{"line":33,"column":1}},"line":4},"1":{"name":"(anonymous_1)","decl":{"start":{"line":9,"column":14},"end":{"line":9,"column":15}},"loc":{"start":{"line":9,"column":20},"end":{"line":11,"column":5}},"line":9},"2":{"name":"(anonymous_2)","decl":{"start":{"line":13,"column":22},"end":{"line":13,"column":23}},"loc":{"start":{"line":13,"column":34},"end":{"line":22,"column":5}},"line":13}},"branchMap":{},"s":{"0":1,"1":6,"2":6,"3":6,"4":2,"5":6,"6":2,"7":2,"8":2,"9":2,"10":6},"f":{"0":6,"1":2,"2":2},"b":{},"_coverageSchema":"1a1c01bbd47fc00a2c39e90264f33305004495a9","hash":"b61b55b38ef02f556c91952a1dcf8d47633b2f4b"}
}
