TN:
SF:src\components\Body.js
FN:11,(anonymous_0)
FN:32,(anonymous_1)
FN:36,(anonymous_2)
FN:37,(anonymous_3)
FN:45,(anonymous_4)
FN:48,(anonymous_5)
FN:62,(anonymous_6)
FN:69,(anonymous_7)
FNF:8
FNH:7
FNDA:9,(anonymous_0)
FNDA:1,(anonymous_1)
FNDA:1,(anonymous_2)
FNDA:20,(anonymous_3)
FNDA:1,(anonymous_4)
FNDA:20,(anonymous_5)
FNDA:0,(anonymous_6)
FNDA:99,(anonymous_7)
DA:11,1
DA:13,9
DA:15,9
DA:16,9
DA:18,9
DA:20,9
DA:22,9
DA:27,9
DA:33,1
DA:37,20
DA:38,1
DA:48,20
DA:52,1
DA:62,0
DA:70,99
LF:15
LH:14
BRDA:22,0,0,0
BRDA:22,0,1,9
BRDA:27,1,0,3
BRDA:27,1,1,6
BRDA:27,2,0,9
BRDA:27,2,1,9
BRDA:72,3,0,75
BRDA:72,3,1,24
BRF:8
BRH:7
end_of_record
TN:
SF:src\components\Cart.js
FN:6,(anonymous_0)
FN:8,(anonymous_1)
FN:11,(anonymous_2)
FNF:3
FNH:3
FNDA:4,(anonymous_0)
FNDA:8,(anonymous_1)
FNDA:1,(anonymous_2)
DA:6,1
DA:8,8
DA:10,4
DA:11,4
DA:12,1
DA:16,4
LF:6
LH:6
BRDA:20,0,0,4
BRDA:20,0,1,2
BRDA:24,1,0,4
BRDA:24,1,1,2
BRF:4
BRH:4
end_of_record
TN:
SF:src\components\ContactUs.js
FN:3,(anonymous_0)
FNF:1
FNH:1
FNDA:4,(anonymous_0)
DA:3,1
DA:4,4
LF:2
LH:2
BRF:0
BRH:0
end_of_record
TN:
SF:src\components\Header.js
FN:9,(anonymous_0)
FN:19,(anonymous_1)
FN:37,(anonymous_2)
FNF:3
FNH:3
FNDA:9,(anonymous_0)
FNDA:17,(anonymous_1)
FNDA:1,(anonymous_2)
DA:9,2
DA:12,9
DA:13,9
DA:15,9
DA:19,17
DA:21,9
DA:39,1
LF:7
LH:7
BRDA:28,0,0,9
BRDA:28,0,1,0
BRDA:39,1,0,1
BRDA:39,1,1,0
BRF:4
BRH:2
end_of_record
TN:
SF:src\components\ItemList.js
FN:5,(anonymous_0)
FN:11,(anonymous_1)
FN:17,(anonymous_2)
FN:30,(anonymous_3)
FNF:4
FNH:4
FNDA:6,(anonymous_0)
FNDA:2,(anonymous_1)
FNDA:39,(anonymous_2)
FNDA:2,(anonymous_3)
DA:5,1
DA:8,6
DA:11,6
DA:12,2
DA:15,6
DA:18,39
DA:30,2
LF:7
LH:7
BRDA:22,0,0,39
BRDA:22,0,1,0
BRF:2
BRH:1
end_of_record
TN:
SF:src\components\RestaurantCard.js
FN:4,(anonymous_0)
FN:61,(anonymous_1)
FN:63,(anonymous_2)
FNF:3
FNH:3
FNDA:100,(anonymous_0)
FNDA:9,(anonymous_1)
FNDA:75,(anonymous_2)
DA:4,2
DA:6,100
DA:18,100
DA:23,100
DA:61,2
DA:63,9
DA:64,75
LF:7
LH:7
BRDA:40,0,0,0
BRDA:40,0,1,100
BRF:2
BRH:1
end_of_record
TN:
SF:src\components\RestaurantCategory.js
FN:5,(anonymous_0)
FN:9,(anonymous_1)
FNF:2
FNH:2
FNDA:26,(anonymous_0)
FNDA:1,(anonymous_1)
DA:5,1
DA:9,26
DA:10,1
DA:11,1
DA:14,26
LF:5
LH:5
BRDA:23,0,0,26
BRDA:23,0,1,2
BRF:2
BRH:2
end_of_record
TN:
SF:src\components\RestaurantMenu.js
FN:7,(anonymous_0)
FN:22,(anonymous_1)
FN:37,(anonymous_2)
FN:41,(anonymous_3)
FN:42,(anonymous_4)
FNF:5
FNH:5
FNDA:3,(anonymous_0)
FNDA:36,(anonymous_1)
FNDA:26,(anonymous_2)
FNDA:1,(anonymous_3)
FNDA:1,(anonymous_4)
DA:7,1
DA:9,3
DA:11,3
DA:14,3
DA:16,3
DA:18,3
DA:20,2
DA:22,36
DA:29,2
DA:38,26
DA:41,1
DA:42,1
LF:12
LH:12
BRDA:18,0,0,1
BRDA:18,0,1,2
BRDA:40,1,0,2
BRDA:40,1,1,24
BRF:4
BRH:4
end_of_record
TN:
SF:src\components\Shimmer.js
FN:1,(anonymous_0)
FNF:1
FNH:1
FNDA:4,(anonymous_0)
DA:1,2
DA:2,4
LF:2
LH:2
BRF:0
BRH:0
end_of_record
TN:
SF:src\components\sum.js
FN:3,(anonymous_0)
FNF:1
FNH:1
FNDA:1,(anonymous_0)
DA:3,1
DA:4,1
LF:2
LH:2
BRF:0
BRH:0
end_of_record
TN:
SF:src\utils\UserContext.js
FNF:0
FNH:0
DA:4,3
LF:1
LH:1
BRF:0
BRH:0
end_of_record
TN:
SF:src\utils\appStore.js
FNF:0
FNH:0
DA:5,2
LF:1
LH:1
BRF:0
BRH:0
end_of_record
TN:
SF:src\utils\cartSlice.js
FN:10,(anonymous_0)
FN:13,(anonymous_1)
FN:16,(anonymous_2)
FNF:3
FNH:2
FNDA:2,(anonymous_0)
FNDA:0,(anonymous_1)
FNDA:1,(anonymous_2)
DA:3,2
DA:11,2
DA:14,0
DA:17,1
DA:28,2
LF:5
LH:4
BRF:0
BRH:0
end_of_record
TN:
SF:src\utils\constants.js
FNF:0
FNH:0
DA:2,4
DA:5,4
DA:8,4
DA:11,4
DA:15,4
LF:5
LH:5
BRF:0
BRH:0
end_of_record
TN:
SF:src\utils\mockData2.js
FNF:0
FNH:0
DA:1,1
LF:1
LH:1
BRF:0
BRH:0
end_of_record
TN:
SF:src\utils\useOnlineStatus.js
FN:4,(anonymous_0)
FN:9,(anonymous_1)
FN:10,(anonymous_2)
FN:15,(anonymous_3)
FNF:4
FNH:2
FNDA:18,(anonymous_0)
FNDA:8,(anonymous_1)
FNDA:0,(anonymous_2)
FNDA:0,(anonymous_3)
DA:4,3
DA:6,18
DA:9,18
DA:10,8
DA:11,0
DA:15,8
DA:16,0
DA:20,18
LF:8
LH:6
BRF:0
BRH:0
end_of_record
TN:
SF:src\utils\useRestaurantMenu.js
FN:4,(anonymous_0)
FN:8,(anonymous_1)
FN:13,(anonymous_2)
FNF:3
FNH:3
FNDA:3,(anonymous_0)
FNDA:1,(anonymous_1)
FNDA:1,(anonymous_2)
DA:4,1
DA:6,3
DA:8,3
DA:9,1
DA:13,3
DA:14,1
DA:15,1
DA:16,1
DA:19,3
LF:9
LH:9
BRF:0
BRH:0
end_of_record
TN:
SF:src\utils\useRestaurantsList.js
FN:4,(anonymous_0)
FN:9,(anonymous_1)
FN:13,(anonymous_2)
FNF:3
FNH:3
FNDA:9,(anonymous_0)
FNDA:3,(anonymous_1)
FNDA:3,(anonymous_2)
DA:4,1
DA:6,9
DA:7,9
DA:9,9
DA:10,3
DA:13,9
DA:14,3
DA:17,3
DA:19,3
DA:20,3
DA:32,9
LF:11
LH:11
BRF:0
BRH:0
end_of_record
